<?xml version="1.0" encoding="UTF-8"?>
        <TKKPG>
            <Request>
                <Language>EN</Language>
                <Operation>GetOrderStatus</Operation>
                <Order>
                    <Merchant>600000001065100</Merchant>
                    <OrderID>66913</OrderID>
                </Order>
                <SessionID>@encrypted@1@A1EC12776BC16819DB4B381C33F43942A1050DD0D75320C43B70D74C6BDD3BC934C0917DF4FF2DA3</SessionID>
            </Request>
        </TKKPG><?xml version="1.0" encoding="UTF-8"?>
        <TKKPG>
            <Request>
                <Language>EN</Language>
                <Operation>GetOrderStatus</Operation>
                <Order>
                    <Merchant>600000001065100</Merchant>
                    <OrderID>66916</OrderID>
                </Order>
                <SessionID>@encrypted@1@A1EC12776BC168193B1D76A5C140D5A9188D2A8070F0A2BDAD8DFAA02FAB1BB3F8852E60FFB857B4</SessionID>
            </Request>
        </TKKPG><?xml version="1.0" encoding="UTF-8"?>
        <TKKPG>
            <Request>
                <Language>EN</Language>
                <Operation>GetOrderStatus</Operation>
                <Order>
                    <Merchant>600000001065100</Merchant>
                    <OrderID>66916</OrderID>
                </Order>
                <SessionID>@encrypted@1@A1EC12776BC168193B1D76A5C140D5A9188D2A8070F0A2BDAD8DFAA02FAB1BB3F8852E60FFB857B4</SessionID>
            </Request>
        </TKKPG><?xml version="1.0" encoding="UTF-8"?>
        <TKKPG>
            <Request>
                <Language>EN</Language>
                <Operation>GetOrderStatus</Operation>
                <Order>
                    <Merchant>600000001065100</Merchant>
                    <OrderID>66918</OrderID>
                </Order>
                <SessionID>@encrypted@1@A1EC12776BC168198ED0880255F006AFD276589A900DD393B86AF282B1B75B560D37629F5B6F94DE</SessionID>
            </Request>
        </TKKPG><?xml version="1.0" encoding="UTF-8"?>
        <TKKPG>
            <Request>
                <Language>EN</Language>
                <Operation>GetOrderStatus</Operation>
                <Order>
                    <Merchant>600000001065100</Merchant>
                    <OrderID>66918</OrderID>
                </Order>
                <SessionID>@encrypted@1@A1EC12776BC168198ED0880255F006AFD276589A900DD393B86AF282B1B75B560D37629F5B6F94DE</SessionID>
            </Request>
        </TKKPG><?xml version="1.0" encoding="UTF-8"?>
        <TKKPG>
            <Request>
                <Language>EN</Language>
                <Operation>GetOrderStatus</Operation>
                <Order>
                    <Merchant>600000001065100</Merchant>
                    <OrderID>66923</OrderID>
                </Order>
                <SessionID>@encrypted@1@A1EC12776BC1681916F373750C58A935CD6CC5EF3D26CAEF6F9420BF046EB0401ED86FC2FD09152E</SessionID>
            </Request>
        </TKKPG><?xml version="1.0" encoding="UTF-8"?>
        <TKKPG>
            <Request>
                <Language>EN</Language>
                <Operation>GetOrderStatus</Operation>
                <Order>
                    <Merchant>600000001065100</Merchant>
                    <OrderID>66926</OrderID>
                </Order>
                <SessionID>@encrypted@1@A1EC12776BC16819943873B141BBF79AD26E79D8522F48351342F92F8FEAF331CB97D47D771C0F2B</SessionID>
            </Request>
        </TKKPG><?xml version="1.0" encoding="UTF-8"?>
        <TKKPG>
            <Request>
                <Language>EN</Language>
                <Operation>GetOrderStatus</Operation>
                <Order>
                    <Merchant>600000001065100</Merchant>
                    <OrderID>66926</OrderID>
                </Order>
                <SessionID>@encrypted@1@A1EC12776BC16819943873B141BBF79AD26E79D8522F48351342F92F8FEAF331CB97D47D771C0F2B</SessionID>
            </Request>
        </TKKPG><?xml version="1.0" encoding="UTF-8"?>
        <TKKPG>
            <Request>
                <Language>EN</Language>
                <Operation>GetOrderStatus</Operation>
                <Order>
                    <Merchant>600000001065100</Merchant>
                    <OrderID>66926</OrderID>
                </Order>
                <SessionID>@encrypted@1@A1EC12776BC16819943873B141BBF79AD26E79D8522F48351342F92F8FEAF331CB97D47D771C0F2B</SessionID>
            </Request>
        </TKKPG><?xml version="1.0" encoding="UTF-8"?>
        <TKKPG>
            <Request>
                <Language>EN</Language>
                <Operation>GetOrderStatus</Operation>
                <Order>
                    <Merchant>600000001065100</Merchant>
                    <OrderID>66926</OrderID>
                </Order>
                <SessionID>@encrypted@1@A1EC12776BC16819943873B141BBF79AD26E79D8522F48351342F92F8FEAF331CB97D47D771C0F2B</SessionID>
            </Request>
        </TKKPG><?xml version="1.0" encoding="UTF-8"?>
        <TKKPG>
            <Request>
                <Language>EN</Language>
                <Operation>GetOrderStatus</Operation>
                <Order>
                    <Merchant>NABIL106529</Merchant>
                    <OrderID>12097</OrderID>
                </Order>
                <SessionID></SessionID>
            </Request>
        </TKKPG><?xml version="1.0" encoding="UTF-8"?>
        <TKKPG>
            <Request>
                <Language>EN</Language>
                <Operation>GetOrderStatus</Operation>
                <Order>
                    <Merchant>NABIL106529</Merchant>
                    <OrderID>12097</OrderID>
                </Order>
                <SessionID></SessionID>
            </Request>
        </TKKPG><?xml version="1.0" encoding="UTF-8"?>
        <TKKPG>
            <Request>
                <Language>EN</Language>
                <Operation>GetOrderStatus</Operation>
                <Order>
                    <Merchant>NABIL106529</Merchant>
                    <OrderID>12097</OrderID>
                </Order>
                <SessionID></SessionID>
            </Request>
        </TKKPG><?xml version="1.0" encoding="UTF-8"?>
        <TKKPG>
            <Request>
                <Language>EN</Language>
                <Operation>GetOrderStatus</Operation>
                <Order>
                    <Merchant>NABIL106529</Merchant>
                    <OrderID>12097</OrderID>
                </Order>
                <SessionID></SessionID>
            </Request>
        </TKKPG><?xml version="1.0" encoding="UTF-8"?>
        <TKKPG>
            <Request>
                <Language>EN</Language>
                <Operation>GetOrderStatus</Operation>
                <Order>
                    <Merchant>NABIL106529</Merchant>
                    <OrderID>12098</OrderID>
                </Order>
                <SessionID></SessionID>
            </Request>
        </TKKPG><?xml version="1.0" encoding="UTF-8"?>
        <TKKPG>
            <Request>
                <Language>EN</Language>
                <Operation>GetOrderStatus</Operation>
                <Order>
                    <Merchant>NABIL106529</Merchant>
                    <OrderID>12099</OrderID>
                </Order>
                <SessionID></SessionID>
            </Request>
        </TKKPG><?xml version="1.0" encoding="UTF-8"?>
        <TKKPG>
            <Request>
                <Language>EN</Language>
                <Operation>GetOrderStatus</Operation>
                <Order>
                    <Merchant>NABIL106529</Merchant>
                    <OrderID>12100</OrderID>
                </Order>
                <SessionID></SessionID>
            </Request>
        </TKKPG><?xml version="1.0" encoding="UTF-8"?>
        <TKKPG>
            <Request>
                <Language>EN</Language>
                <Operation>GetOrderStatus</Operation>
                <Order>
                    <Merchant>NABIL106529</Merchant>
                    <OrderID>12101</OrderID>
                </Order>
                <SessionID></SessionID>
            </Request>
        </TKKPG><?xml version="1.0" encoding="UTF-8"?>
        <TKKPG>
            <Request>
                <Language>EN</Language>
                <Operation>GetOrderStatus</Operation>
                <Order>
                    <Merchant>NABIL106529</Merchant>
                    <OrderID>12101</OrderID>
                </Order>
                <SessionID></SessionID>
            </Request>
        </TKKPG><?xml version="1.0" encoding="UTF-8"?>
        <TKKPG>
            <Request>
                <Language>EN</Language>
                <Operation>GetOrderStatus</Operation>
                <Order>
                    <Merchant>NABIL106529</Merchant>
                    <OrderID>12101</OrderID>
                </Order>
                <SessionID></SessionID>
            </Request>
        </TKKPG><?xml version="1.0" encoding="UTF-8"?>
        <TKKPG>
            <Request>
                <Language>EN</Language>
                <Operation>GetOrderStatus</Operation>
                <Order>
                    <Merchant>NABIL106529</Merchant>
                    <OrderID>12101</OrderID>
                </Order>
                <SessionID></SessionID>
            </Request>
        </TKKPG><?xml version="1.0" encoding="UTF-8"?>
        <TKKPG>
            <Request>
                <Language>EN</Language>
                <Operation>GetOrderStatus</Operation>
                <Order>
                    <Merchant>NABIL106529</Merchant>
                    <OrderID>12101</OrderID>
                </Order>
                <SessionID></SessionID>
            </Request>
        </TKKPG><?xml version="1.0" encoding="UTF-8"?>
        <TKKPG>
            <Request>
                <Language>EN</Language>
                <Operation>GetOrderStatus</Operation>
                <Order>
                    <Merchant>NABIL106529</Merchant>
                    <OrderID>12104</OrderID>
                </Order>
                <SessionID>@encrypted@1@E22EED5B69A21A5CF4292C2F588BD595B9FEC563B3589E8B62DEBCBAB670A2491E1203AFC6314BCF</SessionID>
            </Request>
        </TKKPG><?xml version="1.0" encoding="UTF-8"?>
        <TKKPG>
            <Request>
                <Language>EN</Language>
                <Operation>GetOrderStatus</Operation>
                <Order>
                    <Merchant>NABIL106529</Merchant>
                    <OrderID>12105</OrderID>
                </Order>
                <SessionID>@encrypted@1@E22EED5B69A21A5CDB954DAF2730D974BEFBF8742EA84D2D48A3DE2B5FACD5F85BD8D6201D437FF5</SessionID>
            </Request>
        </TKKPG><?xml version="1.0" encoding="UTF-8"?>
        <TKKPG>
            <Request>
                <Language>EN</Language>
                <Operation>GetOrderStatus</Operation>
                <Order>
                    <Merchant>NABIL106529</Merchant>
                    <OrderID>12106</OrderID>
                </Order>
                <SessionID>@encrypted@1@E22EED5B69A21A5C6CD25E49847BBED73BDC0FA856630CD677525B12E62B572A99162200750CE099</SessionID>
            </Request>
        </TKKPG><?xml version="1.0" encoding="UTF-8"?>
        <TKKPG>
            <Request>
                <Language>EN</Language>
                <Operation>GetOrderStatus</Operation>
                <Order>
                    <Merchant>NABIL106529</Merchant>
                    <OrderID>12107</OrderID>
                </Order>
                <SessionID>@encrypted@1@E22EED5B69A21A5CA8962193DD457448E48C1AAAE8446D39A7E9F80F38362693D401DC26286778E8</SessionID>
            </Request>
        </TKKPG><?xml version="1.0" encoding="UTF-8"?>
        <TKKPG>
            <Request>
                <Language>EN</Language>
                <Operation>GetOrderStatus</Operation>
                <Order>
                    <Merchant>NABIL106529</Merchant>
                    <OrderID>12108</OrderID>
                </Order>
                <SessionID>@encrypted@1@E22EED5B69A21A5C19D0C8BAC89E9FADBE69BB06E6310404A52A0F46726CAF4D17D027C22C66DFCD</SessionID>
            </Request>
        </TKKPG><?xml version="1.0" encoding="UTF-8"?>
        <TKKPG>
            <Request>
                <Language>EN</Language>
                <Operation>GetOrderStatus</Operation>
                <Order>
                    <Merchant>NABIL106529</Merchant>
                    <OrderID>12110</OrderID>
                </Order>
                <SessionID>@encrypted@1@E22EED5B69A21A5CCB948956072F5FEC816D5636086D98546929D5B8CCE1D2AADEE9DF3D7058CF5B</SessionID>
            </Request>
        </TKKPG><?xml version="1.0" encoding="UTF-8"?>
        <TKKPG>
            <Request>
                <Language>EN</Language>
                <Operation>GetOrderStatus</Operation>
                <Order>
                    <Merchant>NABIL106529</Merchant>
                    <OrderID>12112</OrderID>
                </Order>
                <SessionID>@encrypted@1@E22EED5B69A21A5C8544C21D251A176C9D2171629F701969BE94463F5A0FC8B5CEAAA6789BFBAA72</SessionID>
            </Request>
        </TKKPG><?xml version="1.0" encoding="UTF-8"?>
        <TKKPG>
            <Request>
                <Language>EN</Language>
                <Operation>GetOrderStatus</Operation>
                <Order>
                    <Merchant>NABIL106529</Merchant>
                    <OrderID>12113</OrderID>
                </Order>
                <SessionID>@encrypted@1@E22EED5B69A21A5C4F051F4749AC585B0C2834A7E2B2AE0E7AF7B0FAFC4C42C94ABDB47BCD4327FA</SessionID>
            </Request>
        </TKKPG><?xml version="1.0" encoding="UTF-8"?>
        <TKKPG>
            <Request>
                <Language>EN</Language>
                <Operation>GetOrderStatus</Operation>
                <Order>
                    <Merchant>600000001065290</Merchant>
                    <OrderID>68816</OrderID>
                </Order>
                <SessionID></SessionID>
            </Request>
        </TKKPG><?xml version="1.0" encoding="UTF-8"?>
        <TKKPG>
            <Request>
                <Language>EN</Language>
                <Operation>GetOrderStatus</Operation>
                <Order>
                    <Merchant>600000001065290</Merchant>
                    <OrderID>68824</OrderID>
                </Order>
                <SessionID>@encrypted@1@A1EC12776BC16819D69E25AE8986EB3CBF483C97E4A82256554499D20500291F5F5772A81288A61E</SessionID>
            </Request>
        </TKKPG><?xml version="1.0" encoding="UTF-8"?>
        <TKKPG>
            <Request>
                <Language>EN</Language>
                <Operation>GetOrderStatus</Operation>
                <Order>
                    <Merchant>600000001065290</Merchant>
                    <OrderID>68837</OrderID>
                </Order>
                <SessionID>@encrypted@1@A1EC12776BC1681925DDEAAD4F98C88B98C49B876DBFABA8FBDCE7D2827E2DCE009C5EB5DB9F9961</SessionID>
            </Request>
        </TKKPG><?xml version="1.0" encoding="UTF-8"?>
        <TKKPG>
            <Request>
                <Language>EN</Language>
                <Operation>GetOrderStatus</Operation>
                <Order>
                    <Merchant>600000001065290</Merchant>
                    <OrderID>68849</OrderID>
                </Order>
                <SessionID>@encrypted@1@A1EC12776BC16819A21212A1657E49468B48460DE2A89C448B8400E8F74CA56CDF29A10FDE009B7F</SessionID>
            </Request>
        </TKKPG><?xml version="1.0" encoding="UTF-8"?>
        <TKKPG>
            <Request>
                <Language>EN</Language>
                <Operation>GetOrderStatus</Operation>
                <Order>
                    <Merchant>600000001065290</Merchant>
                    <OrderID>68854</OrderID>
                </Order>
                <SessionID>@encrypted@1@A1EC12776BC168190F37075B95352F901BC884B7E07F5638C076D63F004419E3F3D42B8D0780F55C</SessionID>
            </Request>
        </TKKPG><?xml version="1.0" encoding="UTF-8"?>
        <TKKPG>
            <Request>
                <Language>EN</Language>
                <Operation>GetOrderStatus</Operation>
                <Order>
                    <Merchant>600000001065290</Merchant>
                    <OrderID>68877</OrderID>
                </Order>
                <SessionID>@encrypted@1@A1EC12776BC16819C7EABAF6A18127A48D34CB4EC247B5A60540BB69AABE16189E37D04D2E63F699</SessionID>
            </Request>
        </TKKPG><?xml version="1.0" encoding="UTF-8"?>
        <TKKPG>
            <Request>
                <Language>EN</Language>
                <Operation>GetOrderStatus</Operation>
                <Order>
                    <Merchant>600000001065290</Merchant>
                    <OrderID>68894</OrderID>
                </Order>
                <SessionID>@encrypted@1@A1EC12776BC16819CF11D34EF565506F8CB29C74670F242906C81D4956138E18F06C3688D0B9BBBE</SessionID>
            </Request>
        </TKKPG><?xml version="1.0" encoding="UTF-8"?>
        <TKKPG>
            <Request>
                <Language>EN</Language>
                <Operation>GetOrderStatus</Operation>
                <Order>
                    <Merchant>600000001065290</Merchant>
                    <OrderID>68905</OrderID>
                </Order>
                <SessionID>@encrypted@1@A1EC12776BC168196B4B0C18587115C9C3AB2C82C68139A07BB9C8A2FC732D87E1799CC0BDC6A84D</SessionID>
            </Request>
        </TKKPG><?xml version="1.0" encoding="UTF-8"?>
        <TKKPG>
            <Request>
                <Language>EN</Language>
                <Operation>GetOrderStatus</Operation>
                <Order>
                    <Merchant>600000001065290</Merchant>
                    <OrderID>68922</OrderID>
                </Order>
                <SessionID>@encrypted@1@A1EC12776BC16819993F95AD16FE53D66119F8E1673B690288CD4F6B1672E69DE75A3521534BA95B</SessionID>
            </Request>
        </TKKPG><?xml version="1.0" encoding="UTF-8"?>
        <TKKPG>
            <Request>
                <Language>EN</Language>
                <Operation>GetOrderStatus</Operation>
                <Order>
                    <Merchant>600000001065290</Merchant>
                    <OrderID>68923</OrderID>
                </Order>
                <SessionID>@encrypted@1@A1EC12776BC16819A8A9D48A36801B943999DC2075E90502CA6FA36F724BFA6CF1FA01D44DFAE9C6</SessionID>
            </Request>
        </TKKPG><?xml version="1.0" encoding="UTF-8"?>
        <TKKPG>
            <Request>
                <Language>EN</Language>
                <Operation>GetOrderStatus</Operation>
                <Order>
                    <Merchant>600000001065290</Merchant>
                    <OrderID>68926</OrderID>
                </Order>
                <SessionID>@encrypted@1@A1EC12776BC168191F3146A6766590639AECE237914D641432699A0438EC0848A3E91518C63FE65C</SessionID>
            </Request>
        </TKKPG><?xml version="1.0" encoding="UTF-8"?>
        <TKKPG>
            <Request>
                <Language>EN</Language>
                <Operation>GetOrderStatus</Operation>
                <Order>
                    <Merchant>600000001065290</Merchant>
                    <OrderID>68930</OrderID>
                </Order>
                <SessionID>@encrypted@1@A1EC12776BC16819B47859E5D641F1377D004A56A6D773CC32B9165FB727DF28FC6B5A194CA7C422</SessionID>
            </Request>
        </TKKPG><?xml version="1.0" encoding="UTF-8"?>
        <TKKPG>
            <Request>
                <Language>EN</Language>
                <Operation>GetOrderStatus</Operation>
                <Order>
                    <Merchant>600000001065290</Merchant>
                    <OrderID>68936</OrderID>
                </Order>
                <SessionID>@encrypted@1@A1EC12776BC168198754ABA9B5B7B636648AECC396FA1395B05F8EE70C24807291C6A7D6D45BA976</SessionID>
            </Request>
        </TKKPG><?xml version="1.0" encoding="UTF-8"?>
        <TKKPG>
            <Request>
                <Language>EN</Language>
                <Operation>GetOrderStatus</Operation>
                <Order>
                    <Merchant>600000001065290</Merchant>
                    <OrderID>69444</OrderID>
                </Order>
                <SessionID>@encrypted@1@A1EC12776BC16819568C75E142009CF7930607799F33E29A749237AD01AD20AD7D46F8A41876538F</SessionID>
            </Request>
        </TKKPG><?xml version="1.0" encoding="UTF-8"?>
        <TKKPG>
            <Request>
                <Language>EN</Language>
                <Operation>GetOrderStatus</Operation>
                <Order>
                    <Merchant>600000001065290</Merchant>
                    <OrderID>71844</OrderID>
                </Order>
                <SessionID>@encrypted@1@A1EC12776BC168194BD038A1468684D2950EF88C8F1010B8F45A624026A4A83F66EE266F59F9F672</SessionID>
            </Request>
        </TKKPG><?xml version="1.0" encoding="UTF-8"?>
        <TKKPG>
            <Request>
                <Language>EN</Language>
                <Operation>GetOrderStatus</Operation>
                <Order>
                    <Merchant>600000001065290</Merchant>
                    <OrderID>71880</OrderID>
                </Order>
                <SessionID>@encrypted@1@A1EC12776BC168196B2FED3500D1F4EFF124263B1EDF3FAF79E40E763377D481E0C1ED198B862077</SessionID>
            </Request>
        </TKKPG><?xml version="1.0" encoding="UTF-8"?>
        <TKKPG>
            <Request>
                <Language>EN</Language>
                <Operation>GetOrderStatus</Operation>
                <Order>
                    <Merchant>600000001065290</Merchant>
                    <OrderID>71901</OrderID>
                </Order>
                <SessionID>@encrypted@1@A1EC12776BC1681921818C2E01598207E7E9BBE31338608C119981BD0B08874E322019751476E2B2</SessionID>
            </Request>
        </TKKPG><?xml version="1.0" encoding="UTF-8"?>
        <TKKPG>
            <Request>
                <Language>EN</Language>
                <Operation>GetOrderStatus</Operation>
                <Order>
                    <Merchant>600000001065290</Merchant>
                    <OrderID>72441</OrderID>
                </Order>
                <SessionID>@encrypted@1@A1EC12776BC16819B99EAF7D3D58D959ED0338796C36DEF56E5FA9969C5F7278767CAA06A0F3D281</SessionID>
            </Request>
        </TKKPG><?xml version="1.0" encoding="UTF-8"?>
        <TKKPG>
            <Request>
                <Language>EN</Language>
                <Operation>GetOrderStatus</Operation>
                <Order>
                    <Merchant>600000001065290</Merchant>
                    <OrderID>79547</OrderID>
                </Order>
                <SessionID>@encrypted@1@A1EC12776BC16819991D938F048C744CD92017DAECBC203FF29AFA1DEA97902A9BF850BB56E2761C</SessionID>
            </Request>
        </TKKPG><?xml version="1.0" encoding="UTF-8"?>
        <TKKPG>
            <Request>
                <Language>EN</Language>
                <Operation>GetOrderStatus</Operation>
                <Order>
                    <Merchant>NABIL106550</Merchant>
                    <OrderID>14743</OrderID>
                </Order>
                <SessionID></SessionID>
            </Request>
        </TKKPG><?xml version="1.0" encoding="UTF-8"?>
        <TKKPG>
            <Request>
                <Language>EN</Language>
                <Operation>GetOrderStatus</Operation>
                <Order>
                    <Merchant>NABIL106551</Merchant>
                    <OrderID>14761</OrderID>
                </Order>
                <SessionID>@encrypted@1@E22EED5B69A21A5C27CED787574553EC1841048142F76FB98ABFDC7AA5B74ECD7369CF0615840422</SessionID>
            </Request>
        </TKKPG><?xml version="1.0" encoding="UTF-8"?>
        <TKKPG>
            <Request>
                <Language>EN</Language>
                <Operation>GetOrderStatus</Operation>
                <Order>
                    <Merchant>NABIL106550</Merchant>
                    <OrderID>14762</OrderID>
                </Order>
                <SessionID>@encrypted@1@E22EED5B69A21A5C912907A1AB5C2FF6F47C7BC4ADE7CC62E870029FB75BBBA54E1CBA0AD5185048</SessionID>
            </Request>
        </TKKPG><?xml version="1.0" encoding="UTF-8"?>
        <TKKPG>
            <Request>
                <Language>EN</Language>
                <Operation>GetOrderStatus</Operation>
                <Order>
                    <Merchant>NABIL106551</Merchant>
                    <OrderID>14810</OrderID>
                </Order>
                <SessionID>@encrypted@1@E22EED5B69A21A5CCD20160A45D1DE7D1387C739262C27315ACA5CE294121AEE7E9368770CA632B7</SessionID>
            </Request>
        </TKKPG><?xml version="1.0" encoding="UTF-8"?>
        <TKKPG>
            <Request>
                <Language>EN</Language>
                <Operation>GetOrderStatus</Operation>
                <Order>
                    <Merchant>NABIL106551</Merchant>
                    <OrderID>14811</OrderID>
                </Order>
                <SessionID>@encrypted@1@E22EED5B69A21A5C13C714BB05FCFCB0F1D9C3DBC658430AC79222BD5BB119CC33DE77D00017646A</SessionID>
            </Request>
        </TKKPG><?xml version="1.0" encoding="UTF-8"?>
        <TKKPG>
            <Request>
                <Language>EN</Language>
                <Operation>GetOrderStatus</Operation>
                <Order>
                    <Merchant>NABIL106551</Merchant>
                    <OrderID>14814</OrderID>
                </Order>
                <SessionID>@encrypted@1@E22EED5B69A21A5CF4834148C69C6DE2333BD5D0DB1E94F3DBDF9C422AFC5CEAB3B7D18420166FB2</SessionID>
            </Request>
        </TKKPG><?xml version="1.0" encoding="UTF-8"?>
        <TKKPG>
            <Request>
                <Language>EN</Language>
                <Operation>GetOrderStatus</Operation>
                <Order>
                    <Merchant>600000001065290</Merchant>
                    <OrderID>104543</OrderID>
                </Order>
                <SessionID>@encrypted@1@A1EC12776BC168190DA0F0BE57EB706034D28075567FFC04AD4B70E9980F6BC68328690E9E7D74E0</SessionID>
            </Request>
        </TKKPG><?xml version="1.0" encoding="UTF-8"?>
        <TKKPG>
            <Request>
                <Language>EN</Language>
                <Operation>GetOrderStatus</Operation>
                <Order>
                    <Merchant>NABIL106551</Merchant>
                    <OrderID>14819</OrderID>
                </Order>
                <SessionID>@encrypted@1@E22EED5B69A21A5C109E03545EF5903A0F0606FE47E44BDA970E3469384EFE2070D834ECF9689471</SessionID>
            </Request>
        </TKKPG><?xml version="1.0" encoding="UTF-8"?>
        <TKKPG>
            <Request>
                <Language>EN</Language>
                <Operation>GetOrderStatus</Operation>
                <Order>
                    <Merchant>NABIL106551</Merchant>
                    <OrderID>14823</OrderID>
                </Order>
                <SessionID>@encrypted@1@E22EED5B69A21A5C0D37179A91CA436F079210D0D5427C87C630480E19123EFCCDA507A77EC3EC72</SessionID>
            </Request>
        </TKKPG><?xml version="1.0" encoding="UTF-8"?>
        <TKKPG>
            <Request>
                <Language>EN</Language>
                <Operation>GetOrderStatus</Operation>
                <Order>
                    <Merchant>NABIL106551</Merchant>
                    <OrderID>14826</OrderID>
                </Order>
                <SessionID>@encrypted@1@E22EED5B69A21A5CE13DA3CC30BF6A0A5E374C8B5C90F86D99B38D3E4C089FFAF82A4FA10768E205</SessionID>
            </Request>
        </TKKPG><?xml version="1.0" encoding="UTF-8"?>
        <TKKPG>
            <Request>
                <Language>EN</Language>
                <Operation>GetOrderStatus</Operation>
                <Order>
                    <Merchant>NABIL106550</Merchant>
                    <OrderID>14827</OrderID>
                </Order>
                <SessionID>@encrypted@1@E22EED5B69A21A5CB1648470D2CCEFB44AA663E1D01DCB8BD28B573030F5FBEBEC168CD1FD71A866</SessionID>
            </Request>
        </TKKPG><?xml version="1.0" encoding="UTF-8"?>
        <TKKPG>
            <Request>
                <Language>EN</Language>
                <Operation>GetOrderStatus</Operation>
                <Order>
                    <Merchant>NABIL106550</Merchant>
                    <OrderID>14828</OrderID>
                </Order>
                <SessionID>@encrypted@1@E22EED5B69A21A5C72224D80995E6242B202F52717266CD56DC58179487F513A992F9820B3A95E3F</SessionID>
            </Request>
        </TKKPG><?xml version="1.0" encoding="UTF-8"?>
        <TKKPG>
            <Request>
                <Language>EN</Language>
                <Operation>GetOrderStatus</Operation>
                <Order>
                    <Merchant>NABIL106550</Merchant>
                    <OrderID>14829</OrderID>
                </Order>
                <SessionID>@encrypted@1@E22EED5B69A21A5CAFABEA2E1091ED442719B6152E8CE244AC1FBDB041459D996E7E1C9FC09365FD</SessionID>
            </Request>
        </TKKPG><?xml version="1.0" encoding="UTF-8"?>
        <TKKPG>
            <Request>
                <Language>EN</Language>
                <Operation>GetOrderStatus</Operation>
                <Order>
                    <Merchant>NABIL106550</Merchant>
                    <OrderID>14833</OrderID>
                </Order>
                <SessionID>@encrypted@1@E22EED5B69A21A5C5BEA32A6D4C785D0DD3CFC06E39AFE5F3F8198BCC96331ABF0CD46B9E75C2250</SessionID>
            </Request>
        </TKKPG><?xml version="1.0" encoding="UTF-8"?>
        <TKKPG>
            <Request>
                <Language>EN</Language>
                <Operation>GetOrderStatus</Operation>
                <Order>
                    <Merchant>NABIL106550</Merchant>
                    <OrderID>14834</OrderID>
                </Order>
                <SessionID>@encrypted@1@E22EED5B69A21A5CD5FA78AD476BFD1C74279499019BD6E3D66096D42AB1B7B8A43AB11142E27A93</SessionID>
            </Request>
        </TKKPG><?xml version="1.0" encoding="UTF-8"?>
        <TKKPG>
            <Request>
                <Language>EN</Language>
                <Operation>GetOrderStatus</Operation>
                <Order>
                    <Merchant>NABIL106551</Merchant>
                    <OrderID>15093</OrderID>
                </Order>
                <SessionID>@encrypted@1@E22EED5B69A21A5C6ECF75D3A0F66CE05EC0D707115D25CBE2812D62F4518A083AF382E86422C9E5</SessionID>
            </Request>
        </TKKPG><?xml version="1.0" encoding="UTF-8"?>
        <TKKPG>
            <Request>
                <Language>EN</Language>
                <Operation>GetOrderStatus</Operation>
                <Order>
                    <Merchant>NABIL106551</Merchant>
                    <OrderID>15093</OrderID>
                </Order>
                <SessionID>@encrypted@1@E22EED5B69A21A5C6ECF75D3A0F66CE05EC0D707115D25CBE2812D62F4518A083AF382E86422C9E5</SessionID>
            </Request>
        </TKKPG><?xml version="1.0" encoding="UTF-8"?>
        <TKKPG>
            <Request>
                <Language>EN</Language>
                <Operation>GetOrderStatus</Operation>
                <Order>
                    <Merchant>600000001065510</Merchant>
                    <OrderID>112149</OrderID>
                </Order>
                <SessionID>@encrypted@1@A1EC12776BC16819C49157997788224ACCC098DDD754FC172F07E020D782A9583A62E6649004F490</SessionID>
            </Request>
        </TKKPG><?xml version="1.0" encoding="UTF-8"?>
        <TKKPG>
            <Request>
                <Language>EN</Language>
                <Operation>GetOrderStatus</Operation>
                <Order>
                    <Merchant>600000001065500</Merchant>
                    <OrderID>112152</OrderID>
                </Order>
                <SessionID>@encrypted@1@A1EC12776BC16819DDBC27A0CEFB2564001913101E19A998CCD643519C51FA5B6659571AE5EF5313</SessionID>
            </Request>
        </TKKPG><?xml version="1.0" encoding="UTF-8"?>
        <TKKPG>
            <Request>
                <Language>EN</Language>
                <Operation>GetOrderStatus</Operation>
                <Order>
                    <Merchant>600000001065500</Merchant>
                    <OrderID>116698</OrderID>
                </Order>
                <SessionID>@encrypted@1@A1EC12776BC168193040B096A61205B41CF379BF2C628EC64C8B4CE151EFD67820A088CFCC501FC1</SessionID>
            </Request>
        </TKKPG><?xml version="1.0" encoding="UTF-8"?>
        <TKKPG>
            <Request>
                <Language>EN</Language>
                <Operation>GetOrderStatus</Operation>
                <Order>
                    <Merchant>600000001065510</Merchant>
                    <OrderID>116704</OrderID>
                </Order>
                <SessionID>@encrypted@1@A1EC12776BC16819C75AFB2C6A33DC9E7DE2944FEAA833F90DBB2CFEAFB9993383232ABEFF2DAA18</SessionID>
            </Request>
        </TKKPG><?xml version="1.0" encoding="UTF-8"?>
        <TKKPG>
            <Request>
                <Language>EN</Language>
                <Operation>GetOrderStatus</Operation>
                <Order>
                    <Merchant>600000001065510</Merchant>
                    <OrderID>116891</OrderID>
                </Order>
                <SessionID>@encrypted@1@A1EC12776BC16819632DF97F061B0C1CBB8E9AA57482F9631943192C71F56BC8E6E1DC6BE5AD9ED2</SessionID>
            </Request>
        </TKKPG><?xml version="1.0" encoding="UTF-8"?>
        <TKKPG>
            <Request>
                <Language>EN</Language>
                <Operation>GetOrderStatus</Operation>
                <Order>
                    <Merchant>600000001065510</Merchant>
                    <OrderID>116895</OrderID>
                </Order>
                <SessionID>@encrypted@1@A1EC12776BC16819A09FEA82EA5C6243670FA2A2600874700F64A2DD46E0E410523F980077C03465</SessionID>
            </Request>
        </TKKPG><?xml version="1.0" encoding="UTF-8"?>
        <TKKPG>
            <Request>
                <Language>EN</Language>
                <Operation>GetOrderStatus</Operation>
                <Order>
                    <Merchant>600000001065510</Merchant>
                    <OrderID>116917</OrderID>
                </Order>
                <SessionID>@encrypted@1@A1EC12776BC16819A06B9F26F8DA10695ADB82B0F38CE46BE33399502D8C1FA958ADCC02DA5B14A6</SessionID>
            </Request>
        </TKKPG><?xml version="1.0" encoding="UTF-8"?>
        <TKKPG>
            <Request>
                <Language>EN</Language>
                <Operation>GetOrderStatus</Operation>
                <Order>
                    <Merchant>600000001065500</Merchant>
                    <OrderID>116916</OrderID>
                </Order>
                <SessionID>@encrypted@1@A1EC12776BC168198F8347A8A2C49A0226B860EE5F04EB9C837E9A8963CBB7FE14B0E963ADB99F14</SessionID>
            </Request>
        </TKKPG><?xml version="1.0" encoding="UTF-8"?>
        <TKKPG>
            <Request>
                <Language>EN</Language>
                <Operation>GetOrderStatus</Operation>
                <Order>
                    <Merchant>600000001065290</Merchant>
                    <OrderID>116921</OrderID>
                </Order>
                <SessionID>@encrypted@1@A1EC12776BC16819B42323B5FB66E75634B86394C858DEE00BA6D8CB208ECBEB891B3A3B312AF975</SessionID>
            </Request>
        </TKKPG><?xml version="1.0" encoding="UTF-8"?>
        <TKKPG>
            <Request>
                <Language>EN</Language>
                <Operation>GetOrderStatus</Operation>
                <Order>
                    <Merchant>600000001065510</Merchant>
                    <OrderID>117284</OrderID>
                </Order>
                <SessionID>@encrypted@1@A1EC12776BC168193396E7204E2820D2B9578825F45F229B3FE35CE6C14E24E4952B6115559551B7</SessionID>
            </Request>
        </TKKPG><?xml version="1.0" encoding="UTF-8"?>
        <TKKPG>
            <Request>
                <Language>EN</Language>
                <Operation>GetOrderStatus</Operation>
                <Order>
                    <Merchant>600000001065510</Merchant>
                    <OrderID>117288</OrderID>
                </Order>
                <SessionID>@encrypted@1@A1EC12776BC16819F3C1EA889DA37A3D865BB45FC611F2A55B57032E88CCB1F621F490A0FC668C01</SessionID>
            </Request>
        </TKKPG><?xml version="1.0" encoding="UTF-8"?>
        <TKKPG>
            <Request>
                <Language>EN</Language>
                <Operation>GetOrderStatus</Operation>
                <Order>
                    <Merchant>600000001065510</Merchant>
                    <OrderID>117291</OrderID>
                </Order>
                <SessionID>@encrypted@1@A1EC12776BC16819CBE07D7577C4522774E8430119FCADAAE5CE149E0EF13404A2E5E21AE30E1337</SessionID>
            </Request>
        </TKKPG><?xml version="1.0" encoding="UTF-8"?>
        <TKKPG>
            <Request>
                <Language>EN</Language>
                <Operation>GetOrderStatus</Operation>
                <Order>
                    <Merchant>600000001065510</Merchant>
                    <OrderID>117293</OrderID>
                </Order>
                <SessionID>@encrypted@1@A1EC12776BC16819B1E8C4FF9246C8465AA5CD1A650309EA287501731AF5DB22CCC13D1FE98F9BAD</SessionID>
            </Request>
        </TKKPG><?xml version="1.0" encoding="UTF-8"?>
        <TKKPG>
            <Request>
                <Language>EN</Language>
                <Operation>GetOrderStatus</Operation>
                <Order>
                    <Merchant>600000001065510</Merchant>
                    <OrderID>117427</OrderID>
                </Order>
                <SessionID>@encrypted@1@A1EC12776BC168195991887C27EEE54893F48F3ADB490372682B07961CAE2D5E6D29243875FB6795</SessionID>
            </Request>
        </TKKPG><?xml version="1.0" encoding="UTF-8"?>
        <TKKPG>
            <Request>
                <Language>EN</Language>
                <Operation>GetOrderStatus</Operation>
                <Order>
                    <Merchant>600000001065510</Merchant>
                    <OrderID>117429</OrderID>
                </Order>
                <SessionID>@encrypted@1@A1EC12776BC16819D7343129A8A0A348EB1AA785C381269E127331AAC346EABCABEFAC6C5090DEE3</SessionID>
            </Request>
        </TKKPG><?xml version="1.0" encoding="UTF-8"?>
        <TKKPG>
            <Request>
                <Language>EN</Language>
                <Operation>GetOrderStatus</Operation>
                <Order>
                    <Merchant>600000001065510</Merchant>
                    <OrderID>117430</OrderID>
                </Order>
                <SessionID>@encrypted@1@A1EC12776BC16819CE06B62640F59FF64E2049138FC41C68077D0813229F9E1B734418765E3F196E</SessionID>
            </Request>
        </TKKPG><?xml version="1.0" encoding="UTF-8"?>
        <TKKPG>
            <Request>
                <Language>EN</Language>
                <Operation>GetOrderStatus</Operation>
                <Order>
                    <Merchant>600000001065510</Merchant>
                    <OrderID>117432</OrderID>
                </Order>
                <SessionID>@encrypted@1@A1EC12776BC16819DDC9B96114A4E16DDF48E37A42C67B31E123E1E536B1218821EA32A847FA260D</SessionID>
            </Request>
        </TKKPG><?xml version="1.0" encoding="UTF-8"?>
        <TKKPG>
            <Request>
                <Language>EN</Language>
                <Operation>GetOrderStatus</Operation>
                <Order>
                    <Merchant>600000001065500</Merchant>
                    <OrderID>117434</OrderID>
                </Order>
                <SessionID>@encrypted@1@A1EC12776BC1681978B5DD6C5767F3BB6C0B5C03DD2D5B424440B66A3BC2C59E11BB0748D04836C7</SessionID>
            </Request>
        </TKKPG><?xml version="1.0" encoding="UTF-8"?>
        <TKKPG>
            <Request>
                <Language>EN</Language>
                <Operation>GetOrderStatus</Operation>
                <Order>
                    <Merchant>600000001065500</Merchant>
                    <OrderID>117436</OrderID>
                </Order>
                <SessionID>@encrypted@1@A1EC12776BC16819B404BDA60F52D54A9FC76B64217A91BBBE37284438659DEF65675EF1B912924C</SessionID>
            </Request>
        </TKKPG><?xml version="1.0" encoding="UTF-8"?>
        <TKKPG>
            <Request>
                <Language>EN</Language>
                <Operation>GetOrderStatus</Operation>
                <Order>
                    <Merchant>600000001065500</Merchant>
                    <OrderID>117440</OrderID>
                </Order>
                <SessionID>@encrypted@1@A1EC12776BC1681971CFA11DACBE58777BC35C6C8F863B6EEE95E36571DD3980226891B4C459FA62</SessionID>
            </Request>
        </TKKPG><?xml version="1.0" encoding="UTF-8"?>
        <TKKPG>
            <Request>
                <Language>EN</Language>
                <Operation>GetOrderStatus</Operation>
                <Order>
                    <Merchant>600000001065500</Merchant>
                    <OrderID>117443</OrderID>
                </Order>
                <SessionID>@encrypted@1@A1EC12776BC16819FBFBFF9EEE587BAB631BE478858AE972E94A8BB68B597E66C28510E527E7FE90</SessionID>
            </Request>
        </TKKPG><?xml version="1.0" encoding="UTF-8"?>
        <TKKPG>
            <Request>
                <Language>EN</Language>
                <Operation>GetOrderStatus</Operation>
                <Order>
                    <Merchant>600000001065500</Merchant>
                    <OrderID>117445</OrderID>
                </Order>
                <SessionID>@encrypted@1@A1EC12776BC16819C12380EB79B5D924108ECA69096597165064DD95403984BE79ACE5113AF0B601</SessionID>
            </Request>
        </TKKPG><?xml version="1.0" encoding="UTF-8"?>
        <TKKPG>
            <Request>
                <Language>EN</Language>
                <Operation>GetOrderStatus</Operation>
                <Order>
                    <Merchant>600000001065500</Merchant>
                    <OrderID>118210</OrderID>
                </Order>
                <SessionID>@encrypted@1@A1EC12776BC168197AE10B5266CA356E5B859402A4BC0CF69F7FF782C92EC38A23B9DB68A8F393E7</SessionID>
            </Request>
        </TKKPG><?xml version="1.0" encoding="UTF-8"?>
        <TKKPG>
            <Request>
                <Language>EN</Language>
                <Operation>GetOrderStatus</Operation>
                <Order>
                    <Merchant>600000001065500</Merchant>
                    <OrderID>118211</OrderID>
                </Order>
                <SessionID>@encrypted@1@A1EC12776BC16819B873E0252CD48751D622F71C82C2E77B3AC948A94C48B562E9F7A84303DE5BE7</SessionID>
            </Request>
        </TKKPG><?xml version="1.0" encoding="UTF-8"?>
        <TKKPG>
            <Request>
                <Language>EN</Language>
                <Operation>GetOrderStatus</Operation>
                <Order>
                    <Merchant>600000001065500</Merchant>
                    <OrderID>118212</OrderID>
                </Order>
                <SessionID>@encrypted@1@A1EC12776BC1681997ACF6AF4E4B55A745BB9233F8DD7482F379CA08CAC7EBEFCA8CCE81F9388A93</SessionID>
            </Request>
        </TKKPG><?xml version="1.0" encoding="UTF-8"?>
        <TKKPG>
            <Request>
                <Language>EN</Language>
                <Operation>GetOrderStatus</Operation>
                <Order>
                    <Merchant>600000001065510</Merchant>
                    <OrderID>123884</OrderID>
                </Order>
                <SessionID>@encrypted@1@A1EC12776BC16819AE500036972437902DC70D64E87C1D5D966EF5F7E7B8B3EAE5917150BB7C19F0</SessionID>
            </Request>
        </TKKPG><?xml version="1.0" encoding="UTF-8"?>
        <TKKPG>
            <Request>
                <Language>EN</Language>
                <Operation>GetOrderStatus</Operation>
                <Order>
                    <Merchant>600000001065500</Merchant>
                    <OrderID>123885</OrderID>
                </Order>
                <SessionID>@encrypted@1@A1EC12776BC168194F3B7776AC04D68DCE95489AB00748AC2489C2047958B6981FA5C4A436C9C295</SessionID>
            </Request>
        </TKKPG><?xml version="1.0" encoding="UTF-8"?>
        <TKKPG>
            <Request>
                <Language>EN</Language>
                <Operation>GetOrderStatus</Operation>
                <Order>
                    <Merchant>600000001065500</Merchant>
                    <OrderID>125755</OrderID>
                </Order>
                <SessionID>@encrypted@1@A1EC12776BC168190624CCC5328CE536C049A9145CC38A8D93B45A10E0433911F01FD014042D84A9</SessionID>
            </Request>
        </TKKPG><?xml version="1.0" encoding="UTF-8"?>
        <TKKPG>
            <Request>
                <Language>EN</Language>
                <Operation>GetOrderStatus</Operation>
                <Order>
                    <Merchant>600000001065500</Merchant>
                    <OrderID>125756</OrderID>
                </Order>
                <SessionID>@encrypted@1@A1EC12776BC1681973C84C938966F8B9332FC9F77D47C7776DDC0279D40E11C58908AF6308361636</SessionID>
            </Request>
        </TKKPG><?xml version="1.0" encoding="UTF-8"?>
        <TKKPG>
            <Request>
                <Language>EN</Language>
                <Operation>GetOrderStatus</Operation>
                <Order>
                    <Merchant>600000001065510</Merchant>
                    <OrderID>135163</OrderID>
                </Order>
                <SessionID>@encrypted@1@A1EC12776BC168199E3A296FCE7702B7D00FDFC55AD28F9EF3EB46012A8BB2315024AFBEC15AC6D7</SessionID>
            </Request>
        </TKKPG><?xml version="1.0" encoding="UTF-8"?>
        <TKKPG>
            <Request>
                <Language>EN</Language>
                <Operation>GetOrderStatus</Operation>
                <Order>
                    <Merchant>600000001065500</Merchant>
                    <OrderID>147435</OrderID>
                </Order>
                <SessionID>@encrypted@1@A1EC12776BC168190E425275FEE0B143C3BBFF6080B7A155784ADA296C6FCF3C6578625567419DA4</SessionID>
            </Request>
        </TKKPG><?xml version="1.0" encoding="UTF-8"?>
        <TKKPG>
            <Request>
                <Language>EN</Language>
                <Operation>GetOrderStatus</Operation>
                <Order>
                    <Merchant>600000001066070</Merchant>
                    <OrderID>613864</OrderID>
                </Order>
                <SessionID>@encrypted@1@A1EC12776BC1681923BD736C1F620AE72FEA34C6CD5C5A846EF2AA60F6680607502BF02C100CC4C6</SessionID>
            </Request>
        </TKKPG><?xml version="1.0" encoding="UTF-8"?>
        <TKKPG>
            <Request>
                <Language>EN</Language>
                <Operation>GetOrderStatus</Operation>
                <Order>
                    <Merchant>600000001066070</Merchant>
                    <OrderID>1333391</OrderID>
                </Order>
                <SessionID>@encrypted@1@A1EC12776BC16819D9C4F9C2FB8AEFEFCDC9B88745835A4227BA9704EEB2A462F778C0217A118ED5</SessionID>
            </Request>
        </TKKPG><?xml version="1.0" encoding="UTF-8"?>
        <TKKPG>
            <Request>
                <Language>EN</Language>
                <Operation>GetOrderStatus</Operation>
                <Order>
                    <Merchant>600000001066070</Merchant>
                    <OrderID>1445501</OrderID>
                </Order>
                <SessionID>@encrypted@1@A1EC12776BC16819D7E996EC7A9C99F9F9DB84F8E2DC46459BA1758321BAAD2BF49224F559C62128</SessionID>
            </Request>
        </TKKPG><?xml version="1.0" encoding="UTF-8"?>
        <TKKPG>
            <Request>
                <Language>EN</Language>
                <Operation>GetOrderStatus</Operation>
                <Order>
                    <Merchant>600000001066070</Merchant>
                    <OrderID>2001131</OrderID>
                </Order>
                <SessionID>@encrypted@1@A1EC12776BC16819275C0ED586E1B928197CF202555479E81B3237C03F1017FB5D0E6A878B2F2D0E</SessionID>
            </Request>
        </TKKPG><?xml version="1.0" encoding="UTF-8"?>
        <TKKPG>
            <Request>
                <Language>EN</Language>
                <Operation>GetOrderStatus</Operation>
                <Order>
                    <Merchant>600000001066070</Merchant>
                    <OrderID>2002048</OrderID>
                </Order>
                <SessionID>@encrypted@1@A1EC12776BC168193DC1CF5FBB80E2842B11DEBE9DB004E640F1BD07A49B157731F4C228412AF12F</SessionID>
            </Request>
        </TKKPG>